INFO 2025-05-04 16:03:05,082 signals 17072 13504 User updated: testuser (role: User)
INFO 2025-05-04 16:03:05,083 signals 17072 13504 New user created: testuser (role: User)
INFO 2025-05-04 16:03:05,723 signals 17072 13504 User updated: testuser (role: User)
INFO 2025-05-04 16:03:05,723 signals 17072 13504 New user created: testuser (role: User)
INFO 2025-05-04 16:03:06,344 signals 17072 13504 User updated: testuser (role: User)
INFO 2025-05-04 16:03:06,344 signals 17072 13504 New user created: testuser (role: User)
INFO 2025-05-04 16:03:06,979 signals 17072 13504 User updated: testuser (role: User)
INFO 2025-05-04 16:03:06,979 signals 17072 13504 New user created: testuser (role: User)
INFO 2025-05-04 16:08:48,523 signals 17044 13840 User updated: testuser (role: User)
INFO 2025-05-04 16:08:48,529 signals 17044 13840 New user created: testuser (role: User)
INFO 2025-05-04 16:08:49,155 signals 17044 13840 User updated: testuser (role: User)
INFO 2025-05-04 16:08:49,155 signals 17044 13840 New user created: testuser (role: User)
INFO 2025-05-04 16:08:49,753 signals 17044 13840 User updated: testuser (role: User)
INFO 2025-05-04 16:08:49,753 signals 17044 13840 New user created: testuser (role: User)
INFO 2025-05-04 16:08:50,362 signals 17044 13840 User updated: testuser (role: User)
INFO 2025-05-04 16:08:50,363 signals 17044 13840 New user created: testuser (role: User)
INFO 2025-05-04 16:11:29,234 signals 4368 16200 User updated: testuser (role: Owner)
INFO 2025-05-04 16:11:29,235 signals 4368 16200 New user created: testuser (role: Owner)
INFO 2025-05-04 16:11:29,848 signals 4368 16200 User updated: testuser (role: Owner)
INFO 2025-05-04 16:11:29,848 signals 4368 16200 New user created: testuser (role: Owner)
INFO 2025-05-04 16:11:30,467 signals 4368 16200 User updated: testuser (role: Owner)
INFO 2025-05-04 16:11:30,467 signals 4368 16200 New user created: testuser (role: Owner)
INFO 2025-05-04 16:11:31,082 signals 4368 16200 User updated: testuser (role: Owner)
INFO 2025-05-04 16:11:31,082 signals 4368 16200 New user created: testuser (role: Owner)
INFO 2025-05-04 16:22:56,508 signals 2376 10528 User updated: testuser (role: Owner)
INFO 2025-05-04 16:22:56,508 signals 2376 10528 New user created: testuser (role: Owner)
INFO 2025-05-04 16:22:57,137 signals 2376 10528 User updated: testuser (role: Owner)
INFO 2025-05-04 16:22:57,137 signals 2376 10528 New user created: testuser (role: Owner)
INFO 2025-05-04 16:22:57,765 signals 2376 10528 User updated: testuser (role: Owner)
INFO 2025-05-04 16:22:57,765 signals 2376 10528 New user created: testuser (role: Owner)
INFO 2025-05-04 16:22:58,465 signals 2376 10528 User updated: testuser (role: Owner)
INFO 2025-05-04 16:22:58,465 signals 2376 10528 New user created: testuser (role: Owner)
INFO 2025-05-04 16:29:06,891 signals 4452 2888 User updated: testuser (role: Owner)
INFO 2025-05-04 16:29:06,891 signals 4452 2888 New user created: testuser (role: Owner)
INFO 2025-05-04 16:29:10,430 signals 4452 2888 User updated: testuser (role: Owner)
INFO 2025-05-04 16:29:10,430 signals 4452 2888 New user created: testuser (role: Owner)
INFO 2025-05-04 16:29:13,724 signals 4452 2888 User updated: testuser (role: Owner)
INFO 2025-05-04 16:29:13,724 signals 4452 2888 New user created: testuser (role: Owner)
INFO 2025-05-04 16:29:17,152 signals 4452 2888 User updated: testuser (role: Owner)
INFO 2025-05-04 16:29:17,152 signals 4452 2888 New user created: testuser (role: Owner)
INFO 2025-05-04 16:30:39,986 signals 11092 7568 User updated: testuser (role: Owner)
INFO 2025-05-04 16:30:39,986 signals 11092 7568 New user created: testuser (role: Owner)
INFO 2025-05-04 16:30:43,301 signals 11092 7568 User updated: testuser (role: Owner)
INFO 2025-05-04 16:30:43,301 signals 11092 7568 New user created: testuser (role: Owner)
INFO 2025-05-04 16:30:46,594 signals 11092 7568 User updated: testuser (role: Owner)
INFO 2025-05-04 16:30:46,594 signals 11092 7568 New user created: testuser (role: Owner)
INFO 2025-05-04 16:30:49,899 signals 11092 7568 User updated: testuser (role: Owner)
INFO 2025-05-04 16:30:49,899 signals 11092 7568 New user created: testuser (role: Owner)
INFO 2025-05-04 16:41:30,526 signals 16048 15200 User updated: testuser (role: Owner)
INFO 2025-05-04 16:41:30,526 signals 16048 15200 New user created: testuser (role: Owner)
INFO 2025-05-04 16:41:33,955 signals 16048 15200 User updated: testuser (role: Owner)
INFO 2025-05-04 16:41:33,956 signals 16048 15200 New user created: testuser (role: Owner)
INFO 2025-05-04 16:41:37,260 signals 16048 15200 User updated: testuser (role: Owner)
INFO 2025-05-04 16:41:37,260 signals 16048 15200 New user created: testuser (role: Owner)
INFO 2025-05-04 16:41:40,588 signals 16048 15200 User updated: testuser (role: Owner)
INFO 2025-05-04 16:41:40,588 signals 16048 15200 New user created: testuser (role: Owner)
INFO 2025-05-05 14:20:23,652 signals 4528 11248 User updated: testuser (role: User)
INFO 2025-05-05 14:20:23,652 signals 4528 11248 New user created: testuser (role: User)
INFO 2025-05-05 14:20:24,881 signals 4528 11248 User updated: otheruser (role: User)
INFO 2025-05-05 14:20:24,881 signals 4528 11248 New user created: otheruser (role: User)
INFO 2025-05-05 14:20:26,330 signals 4528 11248 User updated: testuser (role: User)
INFO 2025-05-05 14:20:26,330 signals 4528 11248 New user created: testuser (role: User)
INFO 2025-05-05 14:20:27,563 signals 4528 11248 User updated: otheruser (role: User)
INFO 2025-05-05 14:20:27,563 signals 4528 11248 New user created: otheruser (role: User)
INFO 2025-05-05 14:20:28,817 signals 4528 11248 User updated: testuser (role: User)
INFO 2025-05-05 14:20:28,817 signals 4528 11248 New user created: testuser (role: User)
INFO 2025-05-05 14:20:30,040 signals 4528 11248 User updated: otheruser (role: User)
INFO 2025-05-05 14:20:30,040 signals 4528 11248 New user created: otheruser (role: User)
INFO 2025-05-05 14:20:31,309 signals 4528 11248 User updated: testuser (role: User)
INFO 2025-05-05 14:20:31,309 signals 4528 11248 New user created: testuser (role: User)
INFO 2025-05-05 14:20:32,568 signals 4528 11248 User updated: otheruser (role: User)
INFO 2025-05-05 14:20:32,568 signals 4528 11248 New user created: otheruser (role: User)
INFO 2025-05-05 14:20:33,816 signals 4528 11248 User updated: testuser (role: User)
INFO 2025-05-05 14:20:33,816 signals 4528 11248 New user created: testuser (role: User)
INFO 2025-05-05 14:20:35,054 signals 4528 11248 User updated: otheruser (role: User)
INFO 2025-05-05 14:20:35,054 signals 4528 11248 New user created: otheruser (role: User)
INFO 2025-05-05 14:20:36,310 signals 4528 11248 User updated: testuser (role: User)
INFO 2025-05-05 14:20:36,310 signals 4528 11248 New user created: testuser (role: User)
INFO 2025-05-05 14:20:37,546 signals 4528 11248 User updated: otheruser (role: User)
INFO 2025-05-05 14:20:37,546 signals 4528 11248 New user created: otheruser (role: User)
INFO 2025-05-05 14:20:38,817 signals 4528 11248 User updated: testuser (role: User)
INFO 2025-05-05 14:20:38,817 signals 4528 11248 New user created: testuser (role: User)
INFO 2025-05-05 14:20:40,071 signals 4528 11248 User updated: otheruser (role: User)
INFO 2025-05-05 14:20:40,071 signals 4528 11248 New user created: otheruser (role: User)
INFO 2025-05-05 14:24:06,090 signals 21156 3508 User updated: testuser (role: User)
INFO 2025-05-05 14:24:06,090 signals 21156 3508 New user created: testuser (role: User)
INFO 2025-05-05 14:24:06,090 signals 21156 3508 User updated: testuser (role: User)
INFO 2025-05-05 14:24:07,414 signals 21156 3508 User updated: testuser (role: User)
INFO 2025-05-05 14:24:07,414 signals 21156 3508 New user created: testuser (role: User)
INFO 2025-05-05 14:24:07,414 signals 21156 3508 User updated: testuser (role: User)
INFO 2025-05-05 14:24:08,685 signals 21156 3508 User updated: testuser (role: User)
INFO 2025-05-05 14:24:08,685 signals 21156 3508 New user created: testuser (role: User)
INFO 2025-05-05 14:24:08,685 signals 21156 3508 User updated: testuser (role: User)
INFO 2025-05-05 14:24:10,024 signals 21156 3508 User updated: testuser (role: User)
INFO 2025-05-05 14:24:10,024 signals 21156 3508 New user created: testuser (role: User)
INFO 2025-05-05 14:24:10,024 signals 21156 3508 User updated: testuser (role: User)
INFO 2025-05-05 14:24:11,269 signals 21156 3508 User updated: testuser (role: User)
INFO 2025-05-05 14:24:11,269 signals 21156 3508 New user created: testuser (role: User)
INFO 2025-05-05 14:24:11,270 signals 21156 3508 User updated: testuser (role: User)
INFO 2025-05-05 14:26:39,428 signals 16364 13180 User updated: testuser (role: User)
INFO 2025-05-05 14:26:39,428 signals 16364 13180 New user created: testuser (role: User)
INFO 2025-05-05 14:26:39,428 signals 16364 13180 User updated: testuser (role: User)
INFO 2025-05-05 14:26:40,693 signals 16364 13180 User updated: testuser (role: User)
INFO 2025-05-05 14:26:40,693 signals 16364 13180 New user created: testuser (role: User)
INFO 2025-05-05 14:26:40,696 signals 16364 13180 User updated: testuser (role: User)
INFO 2025-05-05 14:26:41,976 signals 16364 13180 User updated: testuser (role: User)
INFO 2025-05-05 14:26:41,981 signals 16364 13180 New user created: testuser (role: User)
INFO 2025-05-05 14:26:41,981 signals 16364 13180 User updated: testuser (role: User)
INFO 2025-05-05 14:26:43,262 signals 16364 13180 User updated: testuser (role: User)
INFO 2025-05-05 14:26:43,262 signals 16364 13180 New user created: testuser (role: User)
INFO 2025-05-05 14:26:43,262 signals 16364 13180 User updated: testuser (role: User)
INFO 2025-05-05 14:26:44,557 signals 16364 13180 User updated: testuser (role: User)
INFO 2025-05-05 14:26:44,557 signals 16364 13180 New user created: testuser (role: User)
INFO 2025-05-05 14:26:44,557 signals 16364 13180 User updated: testuser (role: User)
INFO 2025-05-05 14:27:17,694 signals 11044 4608 User updated: testuser (role: User)
INFO 2025-05-05 14:27:17,694 signals 11044 4608 New user created: testuser (role: User)
INFO 2025-05-05 14:27:17,694 signals 11044 4608 User updated: testuser (role: User)
INFO 2025-05-05 14:27:18,995 signals 11044 4608 User updated: testuser (role: User)
INFO 2025-05-05 14:27:18,995 signals 11044 4608 New user created: testuser (role: User)
INFO 2025-05-05 14:27:18,995 signals 11044 4608 User updated: testuser (role: User)
INFO 2025-05-05 14:27:20,297 signals 11044 4608 User updated: testuser (role: User)
INFO 2025-05-05 14:27:20,297 signals 11044 4608 New user created: testuser (role: User)
INFO 2025-05-05 14:27:20,297 signals 11044 4608 User updated: testuser (role: User)
INFO 2025-05-05 14:27:21,593 signals 11044 4608 User updated: testuser (role: User)
INFO 2025-05-05 14:27:21,593 signals 11044 4608 New user created: testuser (role: User)
INFO 2025-05-05 14:27:21,593 signals 11044 4608 User updated: testuser (role: User)
INFO 2025-05-05 14:27:22,868 signals 11044 4608 User updated: testuser (role: User)
INFO 2025-05-05 14:27:22,873 signals 11044 4608 New user created: testuser (role: User)
INFO 2025-05-05 14:27:22,873 signals 11044 4608 User updated: testuser (role: User)
